418
1 812 2177 2190 6349 6037 4703 1997 3184 578 7760 1355 1071 3964 9709 4035 1105
3 6823 5159 871 2681 7659 2192 3923 7388 5525 8854 9180 3863 1692 550 7179
4 8209 1319 9577 1844 4928 8460 1962 8717 3001 5950 5122 9301 1668 3618 3394 1339 5962 199 4314 9903 2555 5445 6613
5 3838 7006 2345 5532 2248 4720 6387 9459 6155 3438 8367 4705 6369 5748 8711 2422 9301 6327 5643
6 8427 8637 9364 4340 9351 1834 4388 6529 9126 3886 6527 7285 5072 7669 2615 8193
7 1982 231 5859 6972 2872 5493 6481 7671 6915 138 8209 3561
9 5211 3643 7537 3153 3099 3350 6573 8267 7032 6896 3919 400 7321 952 6292 2422
10 9820 1445 834 6045 5093 1588 1638 5578 4483 6356 770 9660 9159 4579 7771 511
12 4622 9550 1849 5312 4347 7869 7907 7481 4288 7816 122 1752 2288 2962 2327
13 5988 1785 4326 1535 4722 8445 2447 201 4823 6933 3790 4004 4088 4133 960
14 5968 6281 3549 9400 9101 4004 3902 1011 616 3081 305 2431 3543 796 8693
15 3456 608 7683 3467 3883 6027 1882 4380 4761 6903 6630 6855 3982 8812 8994
16 1611 5179 5917 723 5109 6876 7672 7194 3794 5377 5857 7438 1121 4624
18 9298 362 7884 367 5010 2220 1572 1954 1077 6313 21 7641 9602 2346 9898 116 2892 4958 7 2666 6161
21 6030 8684 9423 5144 2583 1770 2436 4042 8051 2431 3626 398 4107 9139 3023 7880
24 4293 3419 3552 1390 5427 961 3340 4176 4818 6551 3597 6482 4352 7120
28 7451 8605 3152 9133 5708 3388 6675 3721 718 1777 3854 9615 7073 8043 8599 9968
30 6115 1142 4786 5693 5143 9004 4892 7279 5204 4501 8515 7566 898 7891 569 3835 8212
31 764 22 5741 3121 5275 2636 4973 8716 1295 7561 2279 5596 4385
32 4991 244 7439 1328 3661 6119 5583 1557 7412 6891 4823 382 8922 5987 4737 6767 75 3276 1380 8487 8125
34 9327 2370 4859 3918 1035 3048 2103 2653 3747 7454 5220 9627 5413 5434 3795 9199 412 5643 935
39 6614 4559 8750 6191 6419 22 4534 7234 3080 8787 885 7407 3597 2740 9013 1956 1134 1774 6021
40 6573 3745 8696 1827 5750 2400 2676 102 1149 6121 7956 9206 6225 8131 22 8307
42 1803 2156 8271 3261 3505 7313 7236 9026 4367 3981 8420 8640 9640 6014 1181 3936 6258 259
43 66 7138 1123 4735 8971 8223 4363 8858 2885 8849 7908 7377 7920 4855 8227 9013 2407 3093 8491 7949 2121
45 5845 3721 8037 4551 6250 4159 1595 6270 4561 2294 9571 1714 5444 1574 4399 8722 2209 4985 9688 5340
47 5615 3150 9132 7593 1943 2284 3078 5912 8738 7837 8388 1476 3047 7880
48 7048 3716 8858 4883 891 5617 8200 2453 4023 8681 2111 518 4679 8104 9129 8431 8994 9968
49 720 4546 571 9063 9317 7389 8689 2621 28 7142 2335 9311 6020 7143 4102 7790 1560 1289 2240 4314 6134
50 3859 6222 3587 1513 9623 6857 9138 5043 5283 6650 5381 5474 9790 6187 5386
51 8850 1187 9302 2736 141 8699 9016 5453 1768 1049 7485 660 4222 4129 5748 6938 3163
53 2676 9108 7865 859 1458 8535 1835 6020 7091 3694 279 7517 3164 6737 7699 447 3877 6635 6778 5788 6938
54 5850 7353 276 9700 544 3785 9305 1033 7911 6538 935
55 2150 4684 6311 5592 915 2672 2217 1416 6918 3523 7147 1761 5006 7610 4045 9023
56 9376 7909 1398 3819 2058 514 4704 8141 1536 141 859 3736 1874 7880 5043 447
57 8911 4171 8163 2771 4675 1627 82 6978 2281 4629 1558 566 3374 6445 4714 1476 1979 7782
58 1755 5422 4327 2336 8 2584 2704 963 150 8685 4377 4728 935
59 3904 9558 4741 5406 3644 8840 4391 9825 1366 5609 8963 9222 5483 1699 3012 1611 4035 3885
60 8937 4586 4345 1145 4552 4217 6478 8278 727 4124 1346 9943 4951 135 8470 5869
61 3348 5963 9707 2512 833 2054 3227 4051 9340 1093 8259 1570 412
62 2125 8219 4395 1362 6857 585 5341 1353 1009 1192 9154 9683 1429 5307 8418
64 9044 6354 6784 3947 1335 491 2018 1403 2635 8931 9275 7200 4176 4035 4531 1145 6827
65 9153 9161 6516 1239 2213 5557 9931 9127 4579 4607 6547 5401 8125
67 9912 6154 8976 6312 788 1935 5748 268 3926 2611 967 4425 6468 2847 8685 7968 7296 1121
68 5007 5595 8336 1033 6449 122 1696 5189 2107 1408 8342 8953 1085 3751 450
71 5144 7904 2779 1075 1895 3977 5899 8480 7234 1577 5228 6695 9887 8775 4341 8387 5412 3074 4020 9968
73 5787 9220 3751 4653 2263 7733 8665 6287 9462 5062 603 446 7485 6021 6547 5064 9224
74 2690 757 5326 242 6027 4836 9305 6686 1020 7556 9241 7307 6301 3543 9347 569 7438
76 7249 7416 2156 286 2576 6823 2864 3388 807 4988 9347 7296 7579 3074
77 7720 1010 9011 4610 3745 4339 5737 7923 6005 3390 1984 5219
78 7873 6656 3051 2638 8453 6299 4256 4027 728 5301 4500 5907 9192 5111 4855 8722 541 6986 2986 1625 1534
79 6542 4344 2509 2902 4496 5329 7121 7937 8710 5130 2184 395 8140 3074
80 960 5362 955 9244 3370 3376 6646 8786 1345 8897 4490 5676 9414 9640 5179 7641 2771 8711 3012
81 2289 3532 8716 8311 9505 8925 3864 9282 3776 7628 7361 6825 7534 2240 9970 6358 7936 8248 7713 3584
83 8626 3598 847 2869 3558 3467 6863 9140 4060 8405 1786 2643 7762
84 8342 2361 2722 2033 372 329 8004 7333 4230 2243 643 4380 9023 2744 259 4134 6101 2693 3597 5860 2962
86 7784 9350 3599 4824 1996 5211 8664 3479 4066 5611 718 5257 5443 1375 5412
87 562 297 2220 352 5321 2622 2215 8006 6494 4923 6044 3720 8798 3285 5307 9007 6584
88 9021 4644 2190 5592 1792 759 5862 524 8353 4505 1683 428 4959 7087 2486 496 2121
91 2275 8193 5836 949 6837 1136 2037 7786 4783 188 6342 7440 6816 8041 4151 7289 4531 9139
92 7769 8762 2435 1024 8370 6236 2640 9539 3710 6896 4253 9844 321
93 1161 6717 1170 8680 9703 2710 4977 4865 768 2617 5262 8842
94 712 2144 3084 2711 233 9233 183 8637 7082 9744 2926 9685 4190 3612 4610 7285 4326 7806 1774 7949
97 9735 6675 9407 5795 8484 9702 3786 2777 5218 8712 5031 3127 1793 5514 7867 1498 2147 1383 183 6613
98 8305 3095 4463 9330 4477 3557 4754 6010 9332 6960 6852 5536 7116 5840
99 5511 6780 461 1835 2564 3897 1048 587 4775 4872 4402 8212 9374 9464 2892 4314 2121
100 6415 6624 4780 6273 6691 8675 1021 2520 4594 8693 9545 7204 9160 8248
101 724 8989 4728 8828 8789 3123 8298 5538 7447 120 270 5766 3447 3053 7684 3784 5341
102 9248 738 6035 3372 2420 2548 3419 9855 4576 5655 937 6101 5458
104 7829 2449 3376 8510 4906 3502 8583 5304 2583 2465 3241 980 8921 2546 7865 6270 7713 1289 8445 6584 7795 2155 9007 1668 9244
105 3648 6101 5280 760 5884 9040 7228 8170 3330 7116 4126 8770 2696 6608 2628 1865 4493 3842 8797 7285 7429 1145 6613 9903
106 3888 7542 6456 9749 6825 7233 7167 6000 4936 863 3913 5124 7204 4935 3513 7055 2555 7413 5715
107 4750 7486 4450 4351 1501 9076 1949 655 9655 6456 553 5387 9443 2175
108 6368 8390 7689 5407 1327 4542 30 3353 7721 8753 3084 9876 8145 5762
109 7204 2999 3802 1020 958 6636 3902 8674 3637 4015 8057 9130 1060 2480 3869 5715
110 4672 7747 7506 1479 7680 2205 2730 6990 9906 7503 5652 4783 5500 6737 4107 4909 9129
111 3294 2644 7841 711 4575 4778 9146 2634 7535 3238 4174 3665
112 9316 132 6560 5749 5220 3217 7213 7013 9522 9534 8045 6619 949 2121 7732 79 5748
113 390 2077 8080 9722 1611 5339 1477 6192 1439 9675 4875 2663 4928 4720 7240 1638 4168 9003 7545 1238 935
114 7686 3 653 8234 6324 7833 5494 8560 4071 860 1047 819 1377 8135 3975 893 5966 6920 2 4340 9545
115 1711 7261 9932 4054 6337 1102 2931 2391 3625 3537 3524 9717 5553
117 8866 2476 8355 8481 1027 8645 1064 9654 7220 4561 1402 4752 935 5783
119 7321 1721 8913 5624 8272 5456 5013 2583 3087 9156 84 5564 6584
120 6057 7663 4986 3755 2796 782 5283 9781 643 6572 9804 9296 8723 8807 7740 9443 7133
121 9712 4995 2017 4243 9172 4414 667 1551 2871 179 6187 3316 9032 7563 5086 1174 2553 2662 9991 2003 238
124 6693 3039 2875 2144 8943 1271 6457 7170 2598 4444 1301 502 9758 6421 6331 4957 352 6584 8134
125 5154 4607 7718 5438 304 6879 5508 908 5867 8749 66 5548 7629
126 6740 4130 449 8861 7223 4166 3655 6170 8069 7709 3354 6827
127 8267 2903 9887 6612 7513 6652 1474 4247 4007 5744 4961 2342 9273 4170 1668 4020 8134 2904
128 8827 8131 4937 8119 1805 8797 6971 3376 3543 3645 7001 1958 4383 7883 3732 5334 4352
129 6278 6013 6698 6938 4604 1742 7254 3391 1180 7392 2087 4787 3575 1262 5260 9520 7630 2 1979
130 8969 9887 7547 4769 7910 6556 5915 9088 7446 6376 1871 4670 255 4901 1710 2139
131 1496 3510 5804 6601 5155 3336 7480 5831 7 5126 4260 8887 8903 6382 8362 5654 1299 8055 8423 5531 719 3894
133 1201 9923 6412 5519 8349 9862 4553 6829 3301 7552 7072 9848 7709 6258 1105
134 2426 3214 9972 4650 2081 3535 7074 9015 5842 1309 2900 3982 867 1763 352
135 331 6928 6397 9169 364 1359 389 786 7880 5468 8476 6229 6771
136 5755 4888 7358 9695 605 7127 4880 6327 3516 3524 2202 486 8439 247 9197 7147 8830
137 8285 3526 7870 7559 8807 4739 8213 7816 7196 8462 8293 6613
138 5069 2379 3770 6318 6786 969 844 2655 8185 7482 468 5064
139 4148 1323 7010 1767 8699 4908 7811 8758 1814 5481 2319 868 3700 7088 5848
141 4627 8744 2896 3018 1625 3709 9478 5353 6680 8612 5553 4644 4996 2121 7120
142 2789 3057 7883 7601 6890 8052 2359 9593 7902 5373 6090 2150 3586
143 8898 673 2404 9576 4181 9056 6355 6606 3683 6615 3365 9039 4149 5381 8387
144 794 2169 580 8074 5075 8677 2802 6653 122 9714 2518 3468 6405 4289 2704 7997 3894
145 3383 6739 8329 5941 5469 7327 1383 3232 1785 4552 3388 5840 2422 566 2537 4004 6692 7759 183
146 3665 3077 7799 2817 7839 6112 9766 3084 9676 2918 7686 5779 4558 6613
148 6706 9155 6896 3888 3683 2372 1276 7181 6516 601 3023 6899 745 7709 6584 7153 2 2288
149 6054 1940 2497 9676 9235 5391 2468 8164 966 2777 3133 7744 2986
150 9692 3417 9514 9050 605 3701 2402 7457 2049 6033 6631 5409 8756 6216 4531 3885 1668
151 7993 3561 9263 5041 1666 1079 1927 6381 7332 7849 3996 4084 9247 4071 1043
152 3807 9710 7952 4812 4209 6003 6320 6339 1617 8346 4177 9139 9025 2155 7153
153 1515 3222 5111 3670 3941 7445 9590 5892 2711 9307 4546 2410 4907 1396 5251 6178 6538 7413
154 1230 8008 9304 1220 1292 8703 3955 8912 2018 2764 6700 6241 4199
155 7144 8982 3338 1153 5855 2300 7903 381 3658 6902 4107 8193 9270
156 569 4032 3262 4867 8815 5382 1565 8063 4988 3373 6054
157 4446 3054 5857 7103 8738 6963 9799 5940 9089 1976 7396 1287 1534 79 8406 5880
158 1034 3547 6840 9413 2197 4031 182 7118 9953 1375 6657 6020 7992 9043 7759 7669 321
159 8722 1573 9784 6464 6030 9737 2967 4153 9546 1898 4970 3164 329 7367 979
160 7874 9317 9619 6258 809 9060 756 2326 1456 4053 2860 9391 6301 4187 2100 5255 399
161 828 2559 2458 3098 5339 8697 4483 2160 9632 7922 8483 8967 6385 3865 7343 1789 8406 5292 6458 7652 2962
163 2233 7939 1791 3741 3829 2742 7970 7447 7381 5856 4677 3830 6482 7153 7413 2240 5715 321
165 8890 9144 6503 1736 3581 3820 9333 6269 4941 9674 1522 2781 2426 6601 3493 4191 7439 4780 8580 4071 3326 9129 7949 3877
167 221 3851 2611 8594 2401 9546 2215 382 4255 3714 8823 7284 2403 395 3584 3982
168 8746 9746 2129 8999 336 4121 6449 1743 1830 7000 4731 183 4901
169 3064 6213 9525 8943 9224 6676 765 139 7967 4292 3702 7567 9075 5803 4784 9129 2643 5580 6258
170 3125 7448 1244 8864 8986 8240 237 9626 8028 4567 2645 5402 2407 5097 3111
172 4115 4031 5838 9364 8303 7935 3304 1459 9062 8529 1473 874 5097 4527 3261 9199
173 3850 6150 5957 7789 6321 4225 2181 2486 7629 2430 2007 8612 3681 901 79
174 8544 9209 1622 9499 5405 2547 4159 329 4334 8708 6906 5245 7652
175 8099 6507 6362 2803 2879 27 2113 3748 5909 8658 3481 4542 5926 3134 321 238
176 9885 9643 4524 5166 6848 2536 5032 7935 2701 6952 6482 6141 2209 7709 9023 367 9842
177 6459 8683 3209 2061 1982 6738 4518 9622 2797 4660 6636 5921 4035
178 1496 4644 932 4026 674 9764 1835 8994 3613 2820 4225 7927 9364 496 7736 1524
179 5562 6258 5929 3776 6000 2263 2115 4457 1168 9210 5644 1423 5026 3543 6014 8431
180 303 3679 8893 706 1146 9700 4018 4837 8208 8507 600 796 4035
182 3808 160 6607 4995 8580 6089 1665 6628 6639 4998 5566 8738 3543 979 3012
183 4294 874 6670 2804 1215 1555 2992 5429 3338 69 645 6938 2587 8242 5548 9290 979
184 2951 6433 3375 2549 8766 6134 5779 3119 5176 6691 4734 7804 3540 2437 4567 3894 9301 2346 4314 1299
185 9691 59 1964 725 1077 5691 277 6674 2110 2105 7732 7285 412 3023 2790
186 1518 1542 4081 5601 493 3720 6218 6718 5609 6269 4685 9459 6131 3074 3012
187 5365 5430 4183 1114 2472 6545 2722 9955 1350 6000 7746 6453 427 2327 9404 7296
188 7716 5734 3144 8169 98 1122 2590 3974 6860 1941 9121 5913 7552 732 2240 2986
190 8098 951 6374 6993 8269 9582 7684 9398 4822 5231 7409 3086 779 9628 8177 9187 8235 9374 8462 1984 7280
192 4304 2408 3293 3406 4981 909 551 7026 1657 5126 5871 7120 8227 9301 9199 7413 6613
193 9720 172 3585 9503 7186 4486 1435 9702 226 976 2014 9374 8930 979 745 321 935 2288
194 3528 7456 3077 6320 5805 4512 8231 4230 4696 8212 6537 7936 4636 1210 739 6519 7217 5445 4526 2121 6827 5880 1979
196 2892 7435 956 1568 8747 9295 3119 4258 538 8805 2100 6715 1622 3251 49 7551 4709 5412 447
197 7786 5868 3910 2687 9935 3857 4909 7453 832 1348 6433 7049 5869 8125 9244 3894 6258
198 8027 2124 1989 7213 5914 4987 4908 340 8444 3492
200 8372 9083 6449 2009 8765 8581 2015 8595 5388 6609 2164 6827 427 935 4985 9007 79 7762 7652
201 457 7281 7977 4556 6178 9451 9740 36 4491 6449 7328 1639 2460 4639 2875 6258 1752 625 7699 1343 9007
202 4284 2099 1715 659 4409 1793 6379 2770 7925 7177 8062
203 3273 6476 4841 5607 4878 7348 3867 5660 8744 9988 4992 3215 4684 9943 9688
204 3438 6227 608 1189 7318 3114 6036 5272 8463 7088 6451 3395 8293 9842 8387
206 812 5581 3943 1391 8861 4013 8642 3995 8824 5605 6830 6613
207 1845 5692 7020 240 1362 5934 6 2996 3722 4880 2803 1668 7880 7153
209 3531 7914 5462 287 7741 2887 6318 2553 7650 3999 7314 9014 4314
210 6494 647 2111 9733 7924 7695 6430 4285 6257 4088 6769 3079 3234 6054 1538 5677 3981 5771 477
211 7660 8202 6338 1927 7638 3595 7307 6331 3394 5481 9461
216 5409 2291 3270 1663 2225 2191 547 9747 8453 546 6526 9600 8227 6547
217 9565 883 992 9129 1111 5395 9388 9997 6225 8434 7014 2724 1164 6351 625 7133 79
218 7224 5055 2635 2007 3971 9438 5813 8542 9034 550 7254 4901 3602 3509 2643 8498 79 7949
219 1686 7355 9111 5754 8714 1049 9584 8296 9194 5293 2744 2391 2441 1912
220 6824 6712 7586 3946 9627 6166 5008 9805 7020 3401 7027 2264 8691 3050 7736 6134
221 698 3404 3363 3126 2109 2197 7884 5797 2396 3230 2385 2796 2404 4884 467 697 4199 5064 352
222 2341 3735 9219 2886 1820 9058 2877 3081 9445 2001 1065 838 205 4977 7949 8043 5643 238 352
223 8392 7263 6241 9388 1391 7411 1197 5476 8305 789 7394 8855 4346 8445
224 9181 6070 1893 5073 1763 5549 6626 160 7393 5301 379 7280 3584 6465 4985 6534 6613 79
225 2596 2830 1349 3923 4079 1205 5070 1796 9833 6948 2668 8445 3935 9518 2175 1731 1454
226 1218 6471 4938 6509 631 8543 6231 7137 2845 77 7659 5090 1353 6281 5156 7710 9244 1670 8644 7438
227 6360 2127 1059 6504 5828 9487 7774 2455 4187 2798 5345 1105
228 8358 5630 7398 498 8718 8522 7546 511 913 8940 850 5752 8830 9013
229 7574 9139 8994 1909 7040 8817 8052 1276 6903 3373 7938 6414 7940 5794 6698 9731 9270 7710 5412 5715
230 7953 9056 5103 4055 332 2622 4804 5162 7371 4232 5358 7904 1244 1157
231 1141 7874 9088 6590 6155 9713 6307 7044 5269 6351 477 4129 7900 7925 5385 2346 9080 7575 3543 9129
232 1253 4214 4631 1561 9566 7817 4835 9878 8514 8715 9197 4266 8894 131 8104 352 5869 5848 3032 2643
233 6281 3870 1768 3920 514 437 6783 917 8579 4147 5958 9255 2495 3789 652 935 84 5862 2288
234 5602 2575 8998 2746 5193 316 4073 2868 5895 6502 889 8042 4660 1668 6635 9461 2630 5880
237 4735 5388 3828 9192 2882 7328 6072 2314 2973 2732 1252 3665
238 2432 8836 1194 3597 7491 1324 210 7839 2128 7256 371 9995 6944 8498 7123 2304 8910 6101 1668
239 300 5929 8990 8750 1495 448 4579 5474 8040 6723 2102 2252 5715 8307
241 3676 7373 5310 6653 4158 4808 8900 3965 6560 1264 4503 7429 3343 3877 9842 3144
243 1614 1842 9256 1403 7122 2368 1200 1549 142 9688 5390 4377 2240 4527
245 2326 580 884 8605 8808 6509 7516 3450 282 6825 7078 2415 1273 5869 5412
247 2846 2962 5751 5695 5920 5069 7364 6951 5711 2613 3759 8356 9703 1562 4134 6545 5053 420 5341 4531 3758
248 9752 4971 8744 7975 7003 7058 6425 7410 6448 2669 758 5386 8212 9301 4442 8431 9545 7699
249 2274 5549 3135 3837 1682 8361 1571 7395 1391 5334 1276 9988 3169 9356 1790 8152 2559 1512 4045 9199
250 4240 3766 3275 6594 3358 9453 1348 9526 8632 7732 858 5125 5332 3427 7841 7367 1900 5762 9483
251 7569 3852 357 8188 4284 6562 8595 7240 3140 4293 2939 8032 8958 901 4326 5340 9244
252 1629 7415 7298 1701 5994 6334 3739 4531 6770 8624 5917 3376 1125 979 6030
253 8997 7495 5663 5112 2494 325 7021 6105 5675 850 3263 9969 5446 1036 9461 9623 2155 427 8104 3316 1979
254 9352 8113 6423 7888 5883 799 1708 6608 2759 5331 1569 3581 2283 1265 6359 5446 2475 6643 6021 3144
255 3325 1063 4591 3086 5287 2431 7009 1850 8140 9371 2175 9481 533 9522 457 9621 745
256 1164 3643 9527 7125 1078 5825 5738 671 7582 4310 3594 9677 6672 6534 8841 8406
257 9037 9831 4550 5389 368 7659 6698 6147 2157 5776 9187 3189 759 3163 2322 3894 7413
258 6956 5737 2981 5835 1850 8125 9133 4635 9436 215 6042 5196 9585 4824 1299 3982 2643
259 1552 3182 6748 3037 3454 2152 9372 5999 8743 8572 9955 9090 7647 3174 5053
261 1 3772 9321 6793 7216 3653 6181 1020 7357 2595 2444 3847 4222 9283 9086 7355 847 8907 673 3111
262 9451 6302 7380 3791 447 7022 5725 6742 4430 8547 6547 9723 647 2304 3837 3377 7153
263 7309 6667 6341 2640 5379 4180 3605 4041 339 725 3068 9139 8293
264 3163 7010 7316 5625 8391 732 2041 7469 4693 727 6270 2595 996 7077 2518 1383 1710 5715
266 5481 7105 3762 1676 8068 3894 9844 4936 1566 9393 5282 5206 4399 243 3053 3393 3507 2555 7759
267 6116 2735 6248 5201 9416 2421 2707 4215 1866 1697 5743 2240 4247 689 6251 2595 3032 8387 8832 5507 7153 2962
268 6343 7497 2503 6027 5335 658 2993 3602 5284 6667 9247 9496 8121 8812 7883 9007
269 2736 3531 2144 1004 4540 7986 8306 6506 6062 8413 2335 2783 6404 420 2182
270 1320 582 4133 5143 9649 5414 1711 9190 6351 1874 7366 9636 5909 8686 2392 9013 8528 8994 6101 3894 5507 3074 9007
271 5428 6586 3037 4421 3749 341 6647 2956 6362 7859 8343 9848
272 453 949 8457 8657 6674 5777 7423 4280 3599 8970 63 8938 7138 6698 8860 4624 9265 3371 2892 9007
273 9502 6468 7265 8426 202 6334 5995 2703 3936 6254 418 3932 450 1668
274 3115 251 6629 1097 3130 3526 939 6917 7 1313 5696 8690 4020 979
276 9593 2441 3056 805 5426 3191 6365 2479 6996 4604 2239 4481 9281 7874 935 4311 4527 1534
277 813 4033 8272 9970 7480 8923 5477 9226 7528 7442 5248 7081 7037 9460 7688 2013 7699 3885 8994
278 9226 3144 1950 6647 9770 6325 5479 8233 5092 1558 1445 4507 5551 9265 79 369 865 8005 5437 7652
279 5390 4086 2165 4224 3311 8861 4306 52 1942 5426 8469 1611 9301 1343 4311 4199 9199
280 8975 8937 6249 8104 4237 3789 5493 6597 7253 8275 1694 8134 2409 259 5752
281 5726 9899 5251 3409 7853 5810 2837 1923 2851 969 6824 8134 304 6290 9800 7252 1121 6470 2555 5677 9244
283 8714 4094 1777 5086 4712 4685 1176 8396 6490 6854 2842 7060 9010 5440 8188 6487 7219
284 7616 372 1158 1839 1407 6952 8811 664 7687 5678 7141 2240 1534
285 9671 2120 4565 8175 989 4917 391 4590 3866 2144 898 3524 9199 5848 8125
286 3926 1233 8352 4046 4253 5644 9805 1533 5369 3698 62 1541 447 3074
287 7225 8158 9484 7527 1279 7435 9245 5023 7504 9047 6967 5762 7762 6049 8005
288 5420 2979 7828 9574 8344 6269 9734 4944 5359 7290 1746 5177 1902 6805 7709 7379 2240
289 8794 1716 8484 4366 3637 2722 6148 8059 608 4751 6404 208 552 8994 647 79 7762
290 8785 3336 6172 9315 4939 2275 9601 2617 9473 5812 1666 9510
291 9508 6630 7839 6807 3200 2556 5612 3747 2426 8864 574 3423 2555
292 342 5133 7817 3600 3038 2186 1113 7811 464 9160 2058 321 5097 7517 6404 3877
293 2754 592 9774 5666 5881 4444 3885 7434 175 6862 5982 8765 4350 6768 2554 6949 5762 6797 8125
294 1854 4326 6579 5085 761 2354 6681 7774 8785 6919 6573 6889 4352
295 25 5351 8140 6052 3440 3840 648 8577 4192 8002 374 4352 6523 3153 3379 934 732 6547 5917 9968 9007 9244
296 5631 6249 6455 9204 2225 2365 4769 9960 7459 9301 8130 9940 1731 4199 7949 9968
297 1330 9749 1105 2594 8738 1272 9921 1626 5342 4651 7305 452 5596 843 4855 8193 2480 2155 4909
298 1365 9835 5214 9602 1880 3193 6053 3746 7807 792 1722 6478 8051 2644 3234 4352 3894
299 2688 1541 293 946 9554 7261 8520 4387 9733 4505 8014 7386 1223 1299 7413 2327
300 2401 1770 3811 5681 7253 6450 5393 7193 3812 4253 9997 780 8895 6525 5155 9433 5458 5219
301 8019 738 3565 1383 8922 7296 9387 3207 8489 6900 7516 6971 2823 1885 3543 7732
302 1716 6022 4834 9069 3045 8442 4677 2545 3442 7967 7636 9741 7874 5810 5702 7012 5437 1979
303 2527 7632 4818 3624 6345 500 3318 1581 8858 8241 1476
304 8198 5520 6522 7890 1520 6805 2950 997 5303 2911 8958 9211 2555 3012
306 6766 147 6468 2036 7545 6851 4158 1571 4484 2492 7796 4941 2028 4168 7949
307 7969 1380 7169 5897 5687 3668 2880 5781 8021 6315 3587 9615 6327 7762
308 4508 9650 5382 4966 9292 6353 5182 9628 519 2049 4527 2422 3567 6827 6030
310 7835 3760 625 4292 6211 1757 7734 403 7702 7191 5224 3543 1625 6082 935 9848
311 7942 6350 9706 5017 2680 6691 1951 5966 1844 1223 1195 7153 6054 2
313 6878 9867 3104 5589 5331 2256 6615 1938 9920 97 6134 1209 2397 9191 8223 9260 8539 188 4340 6538
315 7271 5606 1171 1657 1495 3628 7135 9425 5575 2468 4949 5993 2100 7481 5458 139 2643 1299
316 6374 8199 5781 2961 270 2853 9047 4588 2107 5612 945 4583 7575 5412 6613
317 883 8388 6125 6921 9457 6676 4354 8471 8800 2875 1749 1689 5175 6374 3329 3079 8241 9615 1299
318 359 6997 7801 6376 161 1978 7013 1920 366 5842 2538 3035 6328 8125 264 9199 1871 5962 2666
319 6011 8069 18 2764 5650 4638 6189 3180 5690 5142 7114 695 8030 4973 8053 3832 952 935 5748 2013 2986
320 442 2684 3983 711 1164 7827 6840 206 3536 1871 8145 1383 2962 7296
321 6540 3153 4421 7426 7164 3229 2296 8701 1811 3192 5105 7004 6635 1557 2240 5286 2288 7652 7438
322 5780 480 4332 7960 1914 1888 3297 2278 7454 1326 1767 7451 2158 2668 2128 8068 3936
323 2272 5209 168 2109 6826 8878 1656 8999 7792 8216 6547 5247 5775 745 2
324 3537 8581 301 4761 7734 3422 4242 2948 111 2769 4063 1934 4230 6458 7713 9007 1774
325 8899 8955 6410 2479 2548 2236 5764 8674 8436 374 7481 2555 8491 6101
326 5210 6851 2308 5509 5151 8785 322 6936 3702 3951 3379 8893 8431 7782 3936 3012 8711 5437
327 7641 4573 8219 7031 9846 8276 9954 1205 4111 5446 3688 6938
328 2602 3846 2148 5829 5450 4391 7131 4825 2639 9848 6296 8134 5880 6827
329 3980 5537 1678 66 350 9622 62 923 3195 2184 2643 2962
330 4743 2550 4856 7937 9526 8828 2308 684 296 1319 2978 979 7949
332 5440 1875 1992 4242 3586 791 657 1323 1177 578 828 8239 2586 374 8130 5219
333 153 3609 4578 2485 5558 1481 3652 2968 6571 4510 3594 5003 5899 7880 6547 7883
334 2911 7260 4520 9125 4186 2436 4934 9098 5295 2807 4787 9608 9674 5887 2565 9337 1668
335 7351 7409 8732 4270 6105 6507 6778 7747 7526 6871 9147 9924 7606 7347 9192 1979 7688 5997 3377 5099 2986 6030
336 5271 3045 9183 7872 4828 2658 838 2201 884 4214 601 6928 9606 9846 6374 5500 8931 726 5307 2
338 3267 2332 1059 2787 7354 1647 1463 4004 8049 6648 4478 7213 9362 7840 9565 6731 7429 5445 2340 5962 2962
339 6226 7595 176 7859 6717 91 7461 5290 6588 4949 4580 7277 1479 2100 1343 1557 7880 2288
340 2465 670 2272 5534 3794 1075 78 6165 7447 1763 731 9184 6391 3666 2340 4341 1134 4176 4314 2904 7883
342 1438 6928 539 6461 820 4253 465 9993 5773 7211 9442 8068 1344 6408 4056 1164 2288 1774
343 773 2878 379 5054 8342 2867 8363 9014 5683 7642 2203 4251 1230 7949 5860 3012
344 2603 5639 8023 5289 7885 9312 6713 3573 4901 6641 476 9598 1231 5898 8467 5248 3758 3521
346 741 6063 5158 8264 9926 5621 5832 3174 6289 5390 8008 2870 2711
347 240 4900 8143 7350 173 6247 2155 5355 6816 4581 2569 3316
348 5708 6467 9859 7248 8594 4562 7377 4851 3307 4797 779 4259 133 9199 7240 4855 6547 9007 6938
349 4461 3745 1175 3593 6794 3319 1681 7739 6734 8096 3417 7933 4129 1117 8130 6482 7699
350 5093 5468 632 5686 4448 9833 3469 3835 6633 9391 9467 719 5064 7652
351 5387 141 1685 4798 3487 1447 8966 2071 2815 1740 3681 513 1052 8136 1824 3745 6101 9968 427 321
352 9650 5398 8423 351 5989 3395 3297 7335 578 8882 9968 9172 1275 7836 1105 5715
353 9478 6137 2987 8882 828 8319 744 4284 8310 6467 8837 4664 8140 6 3277 4737 3630 7893 4345 9689 7438 3936 4400 4199 8406 321
354 8674 4353 4296 5952 9593 9991 2404 5992 1658 7461 5703 6673 9909 8609 6584 9533 2962 569 2555
356 8389 5863 4151 917 9597 5666 907 3784 8743 8898 3373 6530 2651 4326 7429 6712 4531
357 3586 1408 2325 5809 9902 8902 9488 1278 4280 678 4999 3932 9549 2600 2630 7413 6030 1534 3830
358 196 6964 3961 5036 96 3824 1044 5466 3542 3005 4066 8722 9265 5917 246 4974 8896 3836
359 6893 2125 8964 8308 7413 8850 416 877 6934 17 1442 364 6986 9669
360 5235 2089 2130 4585 6030 6176 8307 7274 2314 4379 4286
361 5503 9768 4924 6752 2872 731 8942 9834 7663 7403 9085 1580 4948 4255 2910 6618 1668 7219 7120
362 9266 2844 9570 4963 5097 910 9347 5185 4266 5702 7683 3632 8429 6532 1771 8423 259 7762
363 1540 5779 8258 3525 8227 3644 3478 9833 9295 2743 2413 6101 9777 4985 6258 1043 8193
364 1646 7347 9317 8972 89 1236 6133 4998 524 3486 7772 1091 1471 8092 6388 4784 3113 8599 6920 979 7
365 5291 5093 1600 1902 4439 348 882 4496 5566 3885 9075 2643 9533 321
366 889 8609 2569 1657 1070 7350 7302 5032 7744 5915 3853 2699 6908 139 7991 8765 8492 9224 3465 977 4526 2704 84 8406 3877
367 2541 4445 5785 8881 9326 2939 7775 1698 9295 4644 6084 9270 5030 7698 1534 6538 1557
368 4397 2424 5105 91 83 6587 263 703 2717 3363 8672 1808 5684 9404 8512 2513 6672 3089 745 3377 3285
369 7695 8464 2803 611 5029 3635 291 3167 8289 3025 8469 7146 9464 6970 352 9023
370 29 2780 1650 1548 5005 2369 7301 8440 6002 450 670 979
371 2292 2442 5204 2823 2962 1574 7314 1317 620 7154 8569 3099 5939 6463 8343 2858 5748 1299 2288
372 8109 7560 7591 7318 2005 3764 7763 6964 6599 5116 786 4523 1150 9632 79 5762
373 5306 5251 7974 9238 5689 1193 4914 8390 8443 1710 7087 8081 5966 699 3337 4624 372 1601 3885 2666 79
374 6130 2274 3852 694 1682 860 4595 4013 1091 1672 4781 4545 6226 6613
375 7231 220 8249 4234 6872 6339 8159 2192 5003 11 2467 8069 552 8994 3012
376 2973 4418 4172 5679 7513 3851 5229 2381 7383 5907 700 9407 5437 2533 5340
377 2181 1838 6166 6794 1748 8302 3163 5675 9300 4234 5322 9013 7669 1429 3950 427 8293 8284 450
378 1746 8664 8257 1451 6546 7938 154 5402 3008 8618 7066 1682 4199
379 2900 1210 8984 5789 4118 3963 814 5626 8410 6715 5702 6962
380 7323 1494 6869 5246 3376 1281 2577 3342 8698 1898 5500 5053 553 225 8895 141 4092 2342 8387 9615 3830
381 639 798 4178 227 4382 919 741 852 9487 5639 761 7742 7827 8892 2158 2019 3877 5715
382 5697 9215 6925 1327 6905 3829 5100 7899 1212 4298 6672 5810 3381 4931 5437 2962
383 6469 4339 6178 6082 1063 4688 4402 7099 9828 6134 1161 7353 2560 6653 7883 6613 5715
384 1407 3662 7239 1097 734 8297 3125 8416 8587 4871 6149 4198 1501 3158 7725 8014 2650 3836 935
385 5513 413 1092 4709 1789 393 187 1697 7551 5049 2790 8483 5885 7204 2962
386 3945 5520 6346 3978 147 2339 5919 2299 3269 7969 2615 5232 5661 3214 4501 7438 935 3584 7699 5848 7762
387 6059 3774 3038 194 1581 5960 5401 6606 6337 6938 3146 7640 7079 6482 9129 2685 9533
388 7307 4577 3701 765 4225 8432 3764 457 20 895 2979 8142 8728 2058 5818 2962 9968 2240 4314 9533
390 5905 958 440 5157 4544 9052 5065 4808 5141 1304 5523 6491 4985 2
391 6165 793 2139 4994 6441 8549 7740 5259 1642 707 5690 686 1195 7251 538 550 3058 7791 3074 4326 7949 9007 935
392 4696 7218 8384 8275 2392 605 4599 6616 828 4558 5535 1743 3936 4855
393 1670 7752 9807 8558 5710 8960 1834 5941 3252 1977 3551 7808 6903 2676 745 5326 3894 2
394 9041 1600 2586 8298 1763 4347 9537 8117 7730 8388 3292 3312 5459 3961 4423 7575 1105 321
395 9104 9389 7580 8243 4293 492 8416 35 1383 8722 7699 321 4020 3894
396 6208 7242 7248 288 2562 1732 5983 3670 7040 783 4517 205 1625 9968 7732
398 9864 4985 5567 8190 1594 3491 2682 2070 644 3283 3210 5659 8487 4433 4071 7569 3664 6538 4341 9533
399 5365 6526 117 2628 1229 9762 3210 7265 5442 4270 2486 3634 3144 8756 5340
400 323 6503 1944 5628 5097 6594 9414 9655 9057 5347 8359 9318 9721 8803 6486 6170
401 8281 7543 5008 7426 4271 7025 6709 4083 2413 7374 3758 3163 1984
402 3048 5102 3279 3588 4422 2858 6205 3253 8806 5334 555 1560 4340 5307 9842
403 7620 7690 5345 9450 4356 9959 7965 7843 4363 6928 8644 6258 2555
404 7299 7317 1702 7420 7624 7346 7639 1662 1516 1195 6547 3981 2 7285 6458 4664
405 8295 5011 5515 1686 9068 2719 2566 510 856 9050 8195 3172 9903
406 2017 297 8225 9279 4372 5822 2095 7198 8630 659 1390 2621 3004 9990 6613
407 3059 2263 8889 940 5906 6398 8882 6548 7931 9239 301 9955 5869
408 2031 6317 1558 7288 3895 9067 5738 6654 6087 9261 6447 718 2121
409 8240 613 1274 2234 6950 6419 421 8471 7972 8297 7101 2962 9244
410 6028 6367 597 4339 6774 1296 429 4704 8269 1001 5692 1956 2143 1858 9842
411 5450 3588 5816 4716 3563 2077 884 265 7779 4997 5727 1523 8809 2288
412 53 2365 2938 2741 5754 8425 3401 2191 3291 8951 1402 7885 7788 650 6962 8427 79 5340
413 6991 1905 6739 8617 1533 2302 6300 2192 2678 4086 9268 3523 3538 4870 8683 3111 2630 9968
414 4218 1939 624 2462 8267 5947 7376 7087 8867 8071 3272 4698 4094 4159 3637 6236 925 5326 2
415 312 2558 7463 9900 4251 5466 9537 6974 3414 802 4326 2897
416 7852 6479 8056 1280 5705 4619 4475 5886 7879 5965 5728 541 1496 3982 4367 6306 9007 2962
417 9292 7023 5292 5202 1072 2258 9965 4559 3827 4713 425 8361 9283 4241 8904 5232 2264 5006 148 1956 2685 3877
418 5503 936 3463 7235 7655 5017 9864 396 4095 5667 4055 9758 5445 332 3830
419 5825 4088 3158 4825 328 2887 8697 4985 4274 7795 448 5338 2958 8248 5962
420 5607 1098 568 442 2189 3791 5414 6191 7028 3960 6153 2643 1750 5053 1668 3077 7699 3032
421 1986 6472 4014 1238 1242 8742 4829 3251 6102 8743 6846 85 2173 3842 2327 4679
422 9728 827 3594 1493 8952 4849 997 8933 9208 8116 4624 5962 6021
423 9728 8122 8272 6665 9196 2795 3126 5737 207 9005 7353 5030 9347 5869 6391 3612 199
424 4195 8230 328 9196 2958 5121 6899 6961 482 2574 5547 6267 8040 7050 518 9244 6982 7296 2240
425 8938 8891 9451 7797 8904 8954 5287 1348 5185 7660 2328 1287 8200 8889 232 5251 4439 8104 9461 9968 1979 321
426 1492 4286 2998 8720 7713 7791 10 5956 5081 3454 3415 7078 675 8741 6611 7664 4569 5326 9871 9930 1105 6327 7153 8125
427 2003 8493 1336 9189 583 847 8786 6554 468 5115 2979 5386 6338 8424 7734 2730 5295 6681 1305 2555 412
428 5686 6015 9366 7901 7980 639 5015 8382 7340 6153 1560 8116
429 2255 3678 5482 5230 1537 6777 7104 6461 984 6511 6920 4138 8167
430 7177 6755 7059 7215 7447 9725 2386 3973 5587 7477 8830 412 2288 79 2986
432 261 9507 4487 5701 6793 4791 2059 7427 8523 367 5643 3989 4340 4901 7296
433 9067 6741 8979 4295 6101 6242 5552 2100 9163 874 5885 5050 8662 5445 8683 1134 6258 5902 3163 7756 2327 3982 2962
434 9280 6893 7197 6076 4195 7606 9159 529 9954 6863 379 4749 1773 148 3074 9178 2643 9244
435 8400 191 1292 7685 8011 9648 5099 847 4558 2749 7917 3753 6403 9265 5869 1066 3982
437 7463 7807 8278 9558 5596 2727 5883 6704 7662 8193 6134
438 2359 8713 1361 9816 5240 8199 2949 3740 4711 9707 7127 4709 1121 5359 8994
439 6969 4792 2835 612 8742 3722 247 262 9622 2673 116 3936
440 9525 3813 6723 5730 8803 8983 4624 3202 4255 4633 3132 6044 1625 569 1774 1216 8491
441 1818 8113 144 4089 2805 9137 7155 3662 9610 3056 8515 606 9023 2962 7120 9842
442 7317 5389 757 1399 3153 2857 6547 9592 417 2614 1926 8170 6095 3936
443 2107 5022 6832 3852 3783 7859 4777 9763 9300 2020 1479 6677 79 6913 9244 6613
444 8462 8992 2192 8159 3926 3500 9315 5429 1889 4633 8143 8260 1000 6470 2611 8878 1105 7713 6101 4340
445 8162 4169 4747 440 9203 7430 6179 9604 259 7599 3664 5838 7652 8711 9842
446 7909 220 4655 6216 5924 9945 2879 55 7162 1538 3647 5426 3314 2263 2240 1534 6613
447 6316 9571 591 5159 5765 863 429 6330 6040 5326
448 210 9505 5794 9650 5181 4527 8972 6561 4883 3342 4347 9438 1436 79 8195 3061 3836 3074 1668
449 6516 3947 4116 2169 6465 7022 3744 962 264 7170 7880 7997 3914 5219 2555 7575
450 451 1181 7508 1072 7146 865 5447 1202 65 6014 857 4139 9640 3584 2458 9579 1150 8183 7545 511 6161 4985
451 5400 6808 8578 4064 5636 9148 4891 2838 2872 1368 6241 7034 3345 7077 3491 1348 5762 5307 3783 8134 427
452 4771 2131 2707 5146 7944 7107 366 1517 2199 9076 7296 1515 5880 8716 4901 6021 8644
453 5943 6253 7360 1316 344 7850 3249 9079 4310 395 2433 3468
455 2107 2790 4168 7104 6915 6302 9160 3501 5179 8084 107 4224 6925 8263 254 2491 7968 1401 1042 935 2240 9968 4035
456 7642 6817 9265 6659 564 7489 9711 9800 4899 6663 1798 9856 2026 6967 6134 5359 2962
457 9812 4249 8043 9986 7362 9445 267 4071 2450 7255 2324 4241 6195 1984 1464 1375 1353 6327 3077 9615 8491 7883
458 8208 4028 3324 9930 9094 2754 590 2548 5030 5851 6100 843 8212 7652 3012 6938
459 8387 4182 5978 5763 7927 4941 8973 6002 1515 899 5258 915 155 2085 745 3074
460 4663 7611 6276 4340 7775 7883 3018 8728 4766 6958 5445 4076 6730 3106 8307 4437 6258 79
462 129 7790 3765 3727 2194 140 8948 2859 8090 5859 318 9842 8444
463 2694 1211 6379 8114 6449 5492 2871 1380 6126 2239 7054 9392 9655 2539 8601 5194 1383 5880 9545
464 7339 7663 5533 9529 5960 8944 9352 1705 8776 712 4382 1984 5218 182 1289 9299
465 3112 4649 6517 2147 3973 8526 1670 6286 6445 5866 9939 2965 9995 4619
466 9646 7687 1555 8140 9967 8516 5796 9797 3744 2101 8116 4262 7068 5194 3050 3371 7575 2288
467 3716 9988 1191 9458 8279 1276 3086 9218 1084 632 876 1353 8338 8836 4345 6482 2121
468 5659 7249 1618 8773 8176 3192 616 5247 7257 1304 2439 3696 9114
469 3024 3277 5296 2119 1040 3667 8831 5917 6260 2183 2521 5403 2699 7077
470 3715 3100 957 88 7361 2392 7485 2588 9241 7736 9823 3180 5738 676 4055 5448 4418 1134 7012 7219 7762 3012 7153
471 8707 8604 3202 7770 2228 1135 8051 2709 943 3124 5307 6061 1134 6141
472 3749 652 6252 9691 286 6129 8029 9534 3026 7430 354 1134 8387 6258
473 1091 3308 8914 8684 9616 8357 7112 8822 1634 4892 4549 4358 3111 5177 7968 1117 7699
474 278 6830 7057 8772 3147 5252 6202 9645 3289 2916 5277 6144 843 8910
475 1969 9102 3702 4875 5709 2553 2882 8534 5562 638 9011 6545 7413 321 7732
476 9694 616 4214 1930 1695 9003 1517 4974 5126 5170 1329 1021 2753 8573 3981 2407
477 101 3837 34 7708 2772 3048 1281 4955 5929 7069 4223 5107 4123 4561 9677 745 9483 753 3830 9834 9007
478 3288 7635 3835 2571 7713 5677 8992 9463 2896 5526 1521 8668 8621 2327 8994 5715 1668
479 3128 440 2279 7241 6880 205 7991 6378 5720 950 3964 1008 3540 9265 1625 2555
480 9624 6192 6519 1544 3386 7362 5433 9521 8810 8710 2926 8105 5035 3440 8005 6611 3012 4314 2240
481 4319 6395 7306 7185 2850 1548 563 8758 4031 165 7392 4035 2240 427
482 9791 964 1475 2215 4646 9675 6309 6491 3968 5497 8005 2183 9199 8386 1625 1668
483 1047 6691 2953 4561 9953 2519 6915 6168 460 6587 1232 1195 7984 3758 2 1343 79 6534
484 798 6992 380 7299 1439 9673 657 5179 7907 3427 1233 9522 4045 8043 5758 1984
485 5402 270 9123 756 4123 9274 1946 1294 9504 257 138 5862 3371 6067 5437 3074
486 5695 3261 5140 9596 1457 8903 1195 7815 6387 9036 9482 4860 4721 7880 8887 850 1328 8994 5848
487 1833 6572 583 4766 4351 2115 8912 7205 7627 4136 1719 912 5375 6743 3377 7806 3521 9842 732 4909
488 5454 2055 1429 5170 4091 4976 3097 136 6065 7218 956 9566 7880 2327 5880 3543 3936 2962
489 9640 1576 1562 823 8100 3899 5342 3518 2099 7904 2228 876 5219 5072 6030
490 4457 5525 6428 7617 1352 6429 9389 5610 5013 6275 7043 3648 3089 2643 3012
491 6640 1298 26 3051 5384 648 6116 5546 2357 2683 9018 4132 5660 476 838 3877 9968
492 9139 2571 2256 1604 4965 419 8918 335 4326 6382 6590 4822 8005 2052 6258
493 6164 2912 8780 2690 4903 544 3740 1472 8403 8604 3634 6295 6053 5662 8043 427 9533 321
494 792 4642 8140 174 4691 5622 8424 6025 9799 8480 4170 5136 3363 6986 3932 8491
495 8559 8294 3069 9816 5925 5911 6414 3141 7336 9079 9563 5429 2200 7061 5783 9178 3077
496 7484 9154 4174 9262 2297 7134 2981 5649 3672 7755 1937 1841 7762 3936 321
497 5865 9711 3541 5392 4137 9170 1745 1331 9851 3291 6538 8830 8812 3830
498 4703 3895 2983 2730 6501 1325 2426 3005 442 8792 6222 1907 9443 155 3044 3320 2264 183 5715 79
499 6653 7116 6132 3900 322 1916 4347 7975 4511 2399 4755 7425 935 2043 9742 8495 6613 7699
