61
1 0 1 2 3 4 5 6 7 9 26 12 10 14 22 15 13 19 8 17 41 11 65 88 85 75 37 25 40 50 76 24 52 21 54 126 1290
2 0 1 2 3 5 6 11 10 8 13 7 4 23 12 9 47 54 21 15 32 18 14 97 39 26 102 69 45 33 20 16 56 49 52 155 3244
5 0 1 2 3 4 5 6 7 9 15 8 11 12 25 34 23 28 16 30 10 97 14 18 37 32 20 47 13 54 24 86 452 51 107 27 1958 6698
7 0 2 1 3 4 6 8 11 7 9 5 21 15 10 12 14 13 19 17 20 24 30 38 25 130 50 46 48 56 51 118 35 156 74 63 28 27 176 1315
9 0 1 2 3 4 6 5 8 9 7 20 10 11 19 14 23 15 13 25 33 17 52 28 16 26 18 29 21 12 30 35 31 24 53 69 27 158 6729 138
10 0 1 2 3 4 5 6 13 7 11 15 17 12 9 8 10 18 14 25 23 22 19 27 16 31 20 28 32 26 34 37 36 81 42 35 72 679 2848 5926 1737
11 0 1 2 4 5 3 7 6 8 13 34 10 9 17 11 14 15 90 46 45 20 236 18 55 29 12 21 37 64 35 25 72 653 79 112 24 19 69
12 0 1 2 3 5 6 4 7 10 9 8 12 20 19 14 13 16 39 18 11 26 17 23 32 22 82 28 40 47 36 31 61 29 121 78 27
14 0 1 4 3 2 7 10 5 11 17 6 8 12 34 15 21 25 14 22 40 35 9 32 19 27 65 46 28 168 26 39 16 749 38 30 121 72 253 102 355 708 138
15 0 1 2 3 6 4 5 8 11 7 10 15 12 9 14 17 21 20 18 33 19 43 25 38 13 22 88 280 32 59 87 53 58 84 63 69 199 7585
17 0 1 2 4 3 6 5 8 7 10 17 9 11 14 12 18 20 36 34 15 16 25 46 21 29 60 28 13 22 24 62 41 64 19 252 65 797
18 0 1 2 3 4 9 5 7 6 10 17 8 15 19 31 18 33 14 42 11 35 29 40 21 26 24 59 20 108 109 384 28
20 0 1 2 4 3 6 5 7 8 11 9 10 12 17 14 20 15 13 27 19 26 16 18 30 36 35 22 33 50 37 23 44 21 42 25 48 5526 1290 2153
21 0 1 2 3 4 5 6 9 10 8 7 12 15 14 16 18 19 13 11 17 21 22 23 20 28 27 54 50 26 83 33 77 64 29 44 69 199 176 2848 1482 7242 2264
22 0 1 2 4 3 5 6 7 9 12 16 11 8 10 15 13 18 46 28 23 26 40 20 14 47 89 29 68 24 55 57 17 63 21 1310 583 1290
24 0 1 2 3 4 5 7 10 6 9 12 8 11 13 14 31 16 19 18 23 17 20 28 21 15 42 26 22 32 27 34 82 36 51 30 52 65 138
26 0 1 2 3 4 7 5 6 11 12 9 15 8 21 23 19 10 13 39 25 47 24 17 20 18 16 27 87 32 29 71 38 30 63 139
27 0 1 2 3 6 4 5 8 10 7 11 9 17 15 34 16 18 24 21 12 23 20 25 14 84 59 27 29 22 19 43 107 164 47 1117 37 2889 2780
31 0 1 2 3 5 4 6 8 7 12 9 15 10 14 11 13 16 17 19 20 18 36 39 29 61 27 58 84 24 37 22 55 96 26 47 32 69 28 482 138 583
32 0 1 2 3 4 6 7 5 10 9 8 11 12 16 14 22 15 18 13 23 21 20 17 34 19 31 25 24 33 35 32 37 29 44 27 138
33 0 1 2 3 4 8 7 5 9 14 13 6 16 10 11 12 24 18 15 20 21 29 25 26 39 19 22 17 73 35 31 49 23 28 69 2848 3097
34 0 1 2 3 5 6 8 10 4 9 7 17 18 19 45 24 15 20 58 25 30 38 35 14 178 12 32 53 1007 89 34 33 74 138 148 6604 909 2153
37 0 1 2 3 4 5 6 10 19 8 16 24 7 12 18 14 54 25 34 15 41 32 27 21 11 30 17 13 28 155 33 26 29 64 69
39 0 1 2 3 5 4 6 9 8 7 10 14 26 13 16 12 18 33 17 34 32 11 22 23 42 50 21 46 25 20 35 19
41 0 1 2 4 3 7 6 5 9 14 8 10 12 11 16 52 17 39 25 13 24 18 40 20 33 15 63 35 64 37 26 31 554 900
42 0 1 2 4 3 5 19 9 7 8 20 10 11 6 14 17 30 12 15 16 13 44 38 32 18 27 63 35 93 234 23 26 31 29 478 21 69 197 9517 708 1263 968
45 0 1 2 3 4 6 5 7 11 17 9 8 10 12 13 15 14 23 29 18 16 26 57 41 19 35 22 27 21 20 42 24 31 45 59 58 30 69
46 0 1 2 4 3 5 9 8 22 12 6 7 25 20 23 24 110 13 18 19 27 130 11 51 142 28 54 17 53 55 83 14 493 47 15 409 485 1502 138 5974
47 0 1 2 3 5 4 7 6 9 8 15 22 14 10 11 37 13 21 12 23 16 35 17 27 28 20 18 31 19 36 57 32 45 33 88 26 85 44 2264
48 0 1 2 6 3 5 4 7 13 8 19 9 10 16 20 34 15 11 30 21 17 33 39 14 48 79 25 74 71 12 68 103 27 96 3684 138
49 0 1 2 3 5 4 7 8 6 12 11 14 9 17 13 28 10 23 20 19 29 16 25 37 15 52 27 97 55 61 22 137 42 49 39 60 21 138
51 0 1 2 3 4 5 6 7 11 10 12 8 9 13 14 45 18 21 17 24 35 15 22 28 20 64 16 26 27 117 33 30 41 34 143 78 725 977
53 0 1 2 4 6 3 8 5 12 10 9 11 15 13 7 26 23 14 21 25 24 54 16 70 17 55 22 20 18 19 114 46 30 72 103 41 84 79 243 121 138 1434 252
55 0 1 2 3 4 5 6 8 7 10 9 11 14 13 15 17 12 19 16 18 26 21 27 24 115 20 30 25 37 49 183 51 116 126 55 23 117 28 155 6887 1263 1502
56 0 1 2 4 6 3 5 7 9 12 13 8 24 19 14 16 11 18 45 40 10 35 17 22 32 27 21 23 50 37 91 33 44 122 391 62 5276 3756 2264
57 0 1 2 3 4 5 7 11 6 19 8 14 9 10 13 28 27 21 16 41 18 20 12 17 31 26 43 54 33 52 34 53 25 121
62 0 1 2 3 5 4 8 6 7 12 11 14 16 9 10 13 17 28 15 31 56 24 23 26 41 20 69 22 35 19 36 21 112 29 34 75 27 120 155 197 138 583 1310
63 0 1 3 2 5 4 6 9 7 8 11 15 24 14 34 19 21 47 16 12 23 10 131 33 25 20 13 117 26 35 84 28 56 64 45 37 155 138
64 0 1 2 4 3 6 8 7 9 5 12 11 13 10 17 33 28 32 15 81 21 22 20 126 18 46 16 19 60 34 90 45 157 27 58 36 229 69 621
66 0 2 1 3 5 4 6 8 10 7 9 18 22 13 14 11 23 15 12 33 19 20 25 24 21 35 59 97 29 51 58 36 78 32 3477 138
67 0 1 2 3 4 5 6 7 10 9 8 15 12 16 11 14 19 18 25 26 24 17 13 29 21 20 37 36 28 38 22 57 31 30 50 42 3389 1290 3975
68 0 1 2 4 3 6 7 5 12 11 9 20 14 18 17 10 15 21 33 26 31 76 16 13 60 8 19 25 22 58 59 28 75 554
71 0 1 2 3 5 4 6 7 15 9 11 8 20 10 17 26 36 13 12 22 18 34 19 16 48 29 33 28 38 27 40 21 84 35 55 69 2591 1671
73 0 1 2 3 4 9 6 8 5 17 10 11 7 16 36 24 13 23 12 15 27 14 34 29 103 38 28 65 320 44 33 637 110 53 20 70 22 63 252 69
74 0 1 2 3 4 5 6 12 14 7 10 9 15 16 13 29 8 21 22 170 24 19 36 11 31 51 27 40 35 67 62 63 44 1610 64 20 199 612 5526
75 0 1 4 2 3 6 7 5 8 12 9 18 17 16 15 20 43 58 13 10 24 28 32 72 34 27 37 335 60 42 63 62 30 57 82 22 84 224 11 501 73 69 873 1671
76 0 1 2 4 3 5 6 16 10 7 8 22 9 13 12 50 24 14 11 104 39 30 17 26 33 27 46 112 35 23 71 21 88 121 2060
78 0 1 2 3 5 4 7 6 8 11 12 17 9 18 15 19 20 53 21 37 10 49 14 35 13 33 55 58 50 34 23 24 46 44 57
80 0 1 3 2 4 5 8 7 9 6 15 10 12 17 11 23 14 28 13 16 22 31 20 37 30 18 24 39 25 19 149 58 57 227 3708 95 38 35 184 686
81 0 1 2 3 4 5 8 7 6 11 13 10 16 20 14 9 19 12 17 15 37 65 26 21 38 54 24 71 27 58 381 25 22 200 31 131 138 120 69
82 0 1 2 3 6 4 9 7 5 8 16 11 14 13 12 32 21 29 10 19 63 22 25 40 24 49 20 15 125 96 36 17 42 31 155 1671 355 138 3097
83 0 1 2 3 4 6 5 7 12 11 8 13 25 21 9 19 16 42 39 10 14 15 32 20 59 17 75 50 46 34 28 155 859 3244 126 1482 968
84 0 1 2 4 3 5 6 15 8 12 7 10 22 9 20 16 29 14 11 13 17 38 86 32 51 47 28 36 53 18 34 26 27 21 621 176 138
86 0 1 3 2 5 4 7 11 6 13 10 15 23 14 8 16 35 18 71 34 9 87 25 21 19 98 26 28 50 53 30 27 44 72 60 51 199 485 8978 9514
88 0 1 2 4 3 7 9 6 8 5 12 15 45 10 17 27 13 22 19 14 68 16 21 11 54 51 26 38 42 25 24 144 100 95 120 69 1583
90 0 1 2 3 5 4 6 8 7 17 10 12 9 15 21 11 19 25 28 23 24 13 14 16 47 30 32 35 22 130 48 157 34 158 18 229 139
91 0 1 3 5 2 4 7 6 8 14 17 16 25 13 9 30 12 35 22 33 41 52 38 27 70 66 23 78 20 19 67 54 46 18 455 55 28 253 176 3244
92 0 1 3 2 5 6 4 8 7 14 15 10 13 12 21 20 24 9 31 16 17 27 41 30 38 50 25 22 40 73 18 97 19 36 399 3097 1334
97 0 1 2 3 4 6 5 9 8 7 12 14 13 10 21 15 39 46 22 168 34 16 11 26 86 40 18 92 28 43 23 29 4301
98 0 1 2 3 5 4 11 6 8 9 10 12 26 7 18 20 14 19 17 15 41 52 44 40 27 25 62 16 55 43 38 72 24 39 434 82 410 3097 797
99 0 1 2 3 4 5 7 6 9 15 8 10 14 12 16 18 13 20 25 24 11 23 19 38 28 22 27 97 29 21 62 41 37 33 60 32 26 199 69 65 3110
